EDA Netlist Writer report for mux_gate
Fri Sep 16 12:26:06 2011
Quartus II Version 8.0 Build 215 05/29/2008 SJ Full Version


---------------------
; Table of Contents ;
---------------------
  1. Legal Notice
  2. EDA Netlist Writer Summary
  3. Simulation Settings
  4. Simulation Generated Files
  5. Timing Analysis Settings
  6. Timing Analysis Generated Files
  7. EDA Netlist Writer Messages



----------------
; Legal Notice ;
----------------
Copyright (C) 1991-2008 Altera Corporation
Your use of Altera Corporation's design tools, logic functions 
and other software and tools, and its AMPP partner logic 
functions, and any output files from any of the foregoing 
(including device programming or simulation files), and any 
associated documentation or information are expressly subject 
to the terms and conditions of the Altera Program License 
Subscription Agreement, Altera MegaCore Function License 
Agreement, or other applicable license agreement, including, 
without limitation, that your use is for the sole purpose of 
programming logic devices manufactured by Altera and sold by 
Altera or its authorized distributors.  Please refer to the 
applicable agreement for further details.



+------------------------------------------------------------------------+
; EDA Netlist Writer Summary                                             ;
+--------------------------------+---------------------------------------+
; EDA Netlist Writer Status      ; Successful - Fri Sep 16 12:26:06 2011 ;
; Revision Name                  ; mux_gate                              ;
; Top-level Entity Name          ; mux_gate                              ;
; Family                         ; Cyclone II                            ;
; Simulation Files Creation      ; Successful                            ;
; Timing Analysis Files Creation ; Successful                            ;
+--------------------------------+---------------------------------------+


+---------------------------------------------------------------------------------------------------------------------+
; Simulation Settings                                                                                                 ;
+--------------------------------------------------------------------------------------------+------------------------+
; Option                                                                                     ; Setting                ;
+--------------------------------------------------------------------------------------------+------------------------+
; Tool Name                                                                                  ; ModelSim-Altera (VHDL) ;
; Generate netlist for functional simulation only                                            ; Off                    ;
; Time scale                                                                                 ; 1 ps                   ;
; Truncate long hierarchy paths                                                              ; Off                    ;
; Map illegal HDL characters                                                                 ; Off                    ;
; Flatten buses into individual nodes                                                        ; Off                    ;
; Maintain hierarchy                                                                         ; Off                    ;
; Bring out device-wide set/reset signals as ports                                           ; Off                    ;
; Enable glitch filtering                                                                    ; Off                    ;
; Do not write top level VHDL entity                                                         ; Off                    ;
; Disable setup and hold time violations detection in input registers of bi-directional pins ; Off                    ;
; Architecture name in VHDL output netlist                                                   ; structure              ;
+--------------------------------------------------------------------------------------------+------------------------+


+--------------------------------------------------------------------------------+
; Simulation Generated Files                                                     ;
+--------------------------------------------------------------------------------+
; Generated Files                                                                ;
+--------------------------------------------------------------------------------+
; C:/cygwin/home/prototype/repos/schoolwork/simulation/modelsim/mux_gate.vho     ;
; C:/cygwin/home/prototype/repos/schoolwork/simulation/modelsim/mux_gate_vhd.sdo ;
+--------------------------------------------------------------------------------+


+-----------------------------------------------------------+
; Timing Analysis Settings                                  ;
+-------------------------------------+---------------------+
; Option                              ; Setting             ;
+-------------------------------------+---------------------+
; Tool Name                           ; PrimeTime (Verilog) ;
; Time scale                          ; 1 ps                ;
; Truncate long hierarchy paths       ; Off                 ;
; Map illegal HDL characters          ; Off                 ;
; Flatten buses into individual nodes ; Off                 ;
+-------------------------------------+---------------------+


+------------------------------------------------------------------------------+
; Timing Analysis Generated Files                                              ;
+------------------------------------------------------------------------------+
; Generated Files                                                              ;
+------------------------------------------------------------------------------+
; C:/cygwin/home/prototype/repos/schoolwork/timing/primetime/mux_gate.vo       ;
; C:/cygwin/home/prototype/repos/schoolwork/timing/primetime/mux_gate_v.sdo    ;
; C:/cygwin/home/prototype/repos/schoolwork/timing/primetime/mux_gate_pt_v.tcl ;
+------------------------------------------------------------------------------+


+-----------------------------+
; EDA Netlist Writer Messages ;
+-----------------------------+
Info: *******************************************************************
Info: Running Quartus II EDA Netlist Writer
    Info: Version 8.0 Build 215 05/29/2008 SJ Full Version
    Info: Processing started: Fri Sep 16 12:26:06 2011
Info: Command: quartus_eda --read_settings_files=off --write_settings_files=off mux_gate -c mux_gate
Info: Generated files "mux_gate.vho" and "mux_gate_vhd.sdo" in directory "C:/cygwin/home/prototype/repos/schoolwork/simulation/modelsim/" for EDA simulation tool
Info: Generated files "mux_gate.vo" and "mux_gate_v.sdo" in directory "C:/cygwin/home/prototype/repos/schoolwork/timing/primetime/" for EDA timing analysis tool
Warning: Expected ENABLE_CLOCK_LATENCY to be set to ON but is set to OFF
Info: Generated PrimeTime Tcl script file C:/cygwin/home/prototype/repos/schoolwork/timing/primetime/mux_gate_pt_v.tcl
Info: Quartus II EDA Netlist Writer was successful. 0 errors, 1 warning
    Info: Peak virtual memory: 161 megabytes
    Info: Processing ended: Fri Sep 16 12:26:06 2011
    Info: Elapsed time: 00:00:00
    Info: Total CPU time (on all processors): 00:00:00


