Flow report for reg8x8
Fri Oct 07 12:39:44 2011
Quartus II Version 8.0 Build 215 05/29/2008 SJ Full Version


---------------------
; Table of Contents ;
---------------------
  1. Legal Notice
  2. Flow Summary
  3. Flow Settings
  4. Flow Non-Default Global Settings
  5. Flow Elapsed Time
  6. Flow Log



----------------
; Legal Notice ;
----------------
Copyright (C) 1991-2008 Altera Corporation
Your use of Altera Corporation's design tools, logic functions 
and other software and tools, and its AMPP partner logic 
functions, and any output files from any of the foregoing 
(including device programming or simulation files), and any 
associated documentation or information are expressly subject 
to the terms and conditions of the Altera Program License 
Subscription Agreement, Altera MegaCore Function License 
Agreement, or other applicable license agreement, including, 
without limitation, that your use is for the sole purpose of 
programming logic devices manufactured by Altera and sold by 
Altera or its authorized distributors.  Please refer to the 
applicable agreement for further details.



+-------------------------------------------------------------------------------+
; Flow Summary                                                                  ;
+------------------------------------+------------------------------------------+
; Flow Status                        ; Successful - Fri Oct 07 12:39:44 2011    ;
; Quartus II Version                 ; 8.0 Build 215 05/29/2008 SJ Full Version ;
; Revision Name                      ; reg8x8                                   ;
; Top-level Entity Name              ; registerfile                             ;
; Family                             ; Cyclone II                               ;
; Device                             ; EP2C35F672C6                             ;
; Timing Models                      ; Final                                    ;
; Met timing requirements            ; Yes                                      ;
; Total logic elements               ; 50 / 33,216 ( < 1 % )                    ;
;     Total combinational functions  ; 50 / 33,216 ( < 1 % )                    ;
;     Dedicated logic registers      ; 0 / 33,216 ( 0 % )                       ;
; Total registers                    ; 0                                        ;
; Total pins                         ; 19 / 475 ( 4 % )                         ;
; Total virtual pins                 ; 0                                        ;
; Total memory bits                  ; 0 / 483,840 ( 0 % )                      ;
; Embedded Multiplier 9-bit elements ; 0 / 70 ( 0 % )                           ;
; Total PLLs                         ; 0 / 4 ( 0 % )                            ;
+------------------------------------+------------------------------------------+


+-----------------------------------------+
; Flow Settings                           ;
+-------------------+---------------------+
; Option            ; Setting             ;
+-------------------+---------------------+
; Start date & time ; 10/07/2011 12:39:15 ;
; Main task         ; Compilation         ;
; Revision Name     ; reg8x8              ;
+-------------------+---------------------+


+---------------------------------------------------------------------------------------------------------------------------+
; Flow Non-Default Global Settings                                                                                          ;
+------------------------------------+--------------------------------+---------------+--------------+----------------------+
; Assignment Name                    ; Value                          ; Default Value ; Entity Name  ; Section Id           ;
+------------------------------------+--------------------------------+---------------+--------------+----------------------+
; COMPILER_SIGNATURE_ID              ; 27438040119725.131800555504380 ; --            ; --           ; --                   ;
; EDA_DESIGN_ENTRY_SYNTHESIS_TOOL    ; Design Compiler                ; <None>        ; --           ; --                   ;
; EDA_INPUT_DATA_FORMAT              ; Edif                           ; --            ; --           ; eda_design_synthesis ;
; EDA_INPUT_VCC_NAME                 ; Vdd                            ; --            ; --           ; eda_design_synthesis ;
; EDA_LMF_FILE                       ; altsyn.lmf                     ; --            ; --           ; eda_design_synthesis ;
; EDA_OUTPUT_DATA_FORMAT             ; Vhdl                           ; --            ; --           ; eda_simulation       ;
; EDA_OUTPUT_DATA_FORMAT             ; Verilog                        ; --            ; --           ; eda_timing_analysis  ;
; EDA_SIMULATION_TOOL                ; ModelSim-Altera (VHDL)         ; <None>        ; --           ; --                   ;
; EDA_TIMING_ANALYSIS_TOOL           ; PrimeTime (Verilog)            ; <None>        ; --           ; --                   ;
; PARTITION_COLOR                    ; 14622752                       ; --            ; registerfile ; Top                  ;
; PARTITION_NETLIST_TYPE             ; SOURCE                         ; --            ; registerfile ; Top                  ;
; TOP_LEVEL_ENTITY                   ; registerfile                   ; reg8x8        ; --           ; --                   ;
; USE_GENERATED_PHYSICAL_CONSTRAINTS ; Off                            ; --            ; --           ; eda_palace           ;
+------------------------------------+--------------------------------+---------------+--------------+----------------------+


+-----------------------------------------------------------------------------------------------------------------------------+
; Flow Elapsed Time                                                                                                           ;
+-------------------------+--------------+-------------------------+---------------------+------------------------------------+
; Module Name             ; Elapsed Time ; Average Processors Used ; Peak Virtual Memory ; Total CPU Time (on all processors) ;
+-------------------------+--------------+-------------------------+---------------------+------------------------------------+
; Analysis & Synthesis    ; 00:00:02     ; 1.0                     ; 220 MB              ; 00:00:02                           ;
; Fitter                  ; 00:00:11     ; 1.0                     ; 259 MB              ; 00:00:07                           ;
; Assembler               ; 00:00:04     ; 1.0                     ; 251 MB              ; 00:00:03                           ;
; Classic Timing Analyzer ; 00:00:00     ; 1.0                     ; 156 MB              ; 00:00:00                           ;
; EDA Netlist Writer      ; 00:00:00     ; 1.0                     ; 158 MB              ; 00:00:00                           ;
; Total                   ; 00:00:17     ; --                      ; --                  ; 00:00:12                           ;
+-------------------------+--------------+-------------------------+---------------------+------------------------------------+


------------
; Flow Log ;
------------
quartus_map --read_settings_files=on --write_settings_files=off reg8x8 -c reg8x8
quartus_fit --read_settings_files=off --write_settings_files=off reg8x8 -c reg8x8
quartus_asm --read_settings_files=off --write_settings_files=off reg8x8 -c reg8x8
quartus_tan --read_settings_files=off --write_settings_files=off reg8x8 -c reg8x8 --timing_analysis_only
quartus_eda --read_settings_files=off --write_settings_files=off reg8x8 -c reg8x8



