Flow report for fast_adder
Tue Oct 11 13:57:56 2011
Quartus II Version 8.0 Build 215 05/29/2008 SJ Full Version


---------------------
; Table of Contents ;
---------------------
  1. Legal Notice
  2. Flow Summary
  3. Flow Settings
  4. Flow Non-Default Global Settings
  5. Flow Elapsed Time
  6. Flow Log



----------------
; Legal Notice ;
----------------
Copyright (C) 1991-2008 Altera Corporation
Your use of Altera Corporation's design tools, logic functions 
and other software and tools, and its AMPP partner logic 
functions, and any output files from any of the foregoing 
(including device programming or simulation files), and any 
associated documentation or information are expressly subject 
to the terms and conditions of the Altera Program License 
Subscription Agreement, Altera MegaCore Function License 
Agreement, or other applicable license agreement, including, 
without limitation, that your use is for the sole purpose of 
programming logic devices manufactured by Altera and sold by 
Altera or its authorized distributors.  Please refer to the 
applicable agreement for further details.



+-------------------------------------------------------------------------------+
; Flow Summary                                                                  ;
+------------------------------------+------------------------------------------+
; Flow Status                        ; Successful - Tue Oct 11 13:57:56 2011    ;
; Quartus II Version                 ; 8.0 Build 215 05/29/2008 SJ Full Version ;
; Revision Name                      ; fast_adder                               ;
; Top-level Entity Name              ; fast_adder                               ;
; Family                             ; Cyclone II                               ;
; Device                             ; EP2C35F672C6                             ;
; Timing Models                      ; Final                                    ;
; Met timing requirements            ; No                                       ;
; Total logic elements               ; 545 / 33,216 ( 2 % )                     ;
;     Total combinational functions  ; 544 / 33,216 ( 2 % )                     ;
;     Dedicated logic registers      ; 61 / 33,216 ( < 1 % )                    ;
; Total registers                    ; 61                                       ;
; Total pins                         ; 26 / 475 ( 5 % )                         ;
; Total virtual pins                 ; 0                                        ;
; Total memory bits                  ; 0 / 483,840 ( 0 % )                      ;
; Embedded Multiplier 9-bit elements ; 0 / 70 ( 0 % )                           ;
; Total PLLs                         ; 0 / 4 ( 0 % )                            ;
+------------------------------------+------------------------------------------+


+-----------------------------------------+
; Flow Settings                           ;
+-------------------+---------------------+
; Option            ; Setting             ;
+-------------------+---------------------+
; Start date & time ; 10/11/2011 13:57:16 ;
; Main task         ; Compilation         ;
; Revision Name     ; fast_adder          ;
+-------------------+---------------------+


+----------------------------------------------------------------------------------------------------------------+
; Flow Non-Default Global Settings                                                                               ;
+------------------------------------+--------------------------------+---------------+-------------+------------+
; Assignment Name                    ; Value                          ; Default Value ; Entity Name ; Section Id ;
+------------------------------------+--------------------------------+---------------+-------------+------------+
; COMPILER_SIGNATURE_ID              ; 27438040119725.131835583605764 ; --            ; --          ; --         ;
; MAX_CORE_JUNCTION_TEMP             ; 85                             ; --            ; --          ; --         ;
; MIN_CORE_JUNCTION_TEMP             ; 0                              ; --            ; --          ; --         ;
; PARTITION_COLOR                    ; 14622752                       ; --            ; --          ; Top        ;
; PARTITION_NETLIST_TYPE             ; SOURCE                         ; --            ; --          ; Top        ;
; USE_GENERATED_PHYSICAL_CONSTRAINTS ; Off                            ; --            ; --          ; eda_palace ;
+------------------------------------+--------------------------------+---------------+-------------+------------+


+-----------------------------------------------------------------------------------------------------------------------------+
; Flow Elapsed Time                                                                                                           ;
+-------------------------+--------------+-------------------------+---------------------+------------------------------------+
; Module Name             ; Elapsed Time ; Average Processors Used ; Peak Virtual Memory ; Total CPU Time (on all processors) ;
+-------------------------+--------------+-------------------------+---------------------+------------------------------------+
; Analysis & Synthesis    ; 00:00:09     ; 1.0                     ; 228 MB              ; 00:00:06                           ;
; Fitter                  ; 00:00:14     ; 1.0                     ; 261 MB              ; 00:00:10                           ;
; Assembler               ; 00:00:04     ; 1.0                     ; 252 MB              ; 00:00:04                           ;
; Classic Timing Analyzer ; 00:00:01     ; 1.0                     ; 161 MB              ; 00:00:01                           ;
; Total                   ; 00:00:28     ; --                      ; --                  ; 00:00:21                           ;
+-------------------------+--------------+-------------------------+---------------------+------------------------------------+


------------
; Flow Log ;
------------
quartus_map --read_settings_files=on --write_settings_files=off fast_adder -c fast_adder
quartus_fit --read_settings_files=off --write_settings_files=off fast_adder -c fast_adder
quartus_asm --read_settings_files=off --write_settings_files=off fast_adder -c fast_adder
quartus_tan --read_settings_files=off --write_settings_files=off fast_adder -c fast_adder --timing_analysis_only



